#
# There is insufficient memory for the Java Runtime Environment to continue.
# Native memory allocation (malloc) failed to allocate 32744 bytes for ChunkPool::allocate
# Possible reasons:
#   The system is out of physical RAM or swap space
#   In 32 bit mode, the process size limit was hit
# Possible solutions:
#   Reduce memory load on the system
#   Increase physical memory or swap space
#   Check if swap backing store is full
#   Use 64 bit Java on a 64 bit OS
#   Decrease Java heap size (-Xmx/-Xms)
#   Decrease number of Java threads
#   Decrease Java thread stack sizes (-Xss)
#   Set larger code cache with -XX:ReservedCodeCacheSize=
# This output file may be truncated or incomplete.
#
#  Out of Memory Error (allocation.cpp:273), pid=19416, tid=18512
#
# JRE version: Java(TM) SE Runtime Environment (8.0_91-b15) (build 1.8.0_91-b15)
# Java VM: Java HotSpot(TM) 64-Bit Server VM (25.91-b15 mixed mode windows-amd64 compressed oops)
# Failed to write core dump. Minidumps are not enabled by default on client versions of Windows
#

---------------  T H R E A D  ---------------

Current thread (0x000000001b575800):  JavaThread "C1 CompilerThread3" daemon [_thread_in_native, id=18512, stack(0x000000001c0d0000,0x000000001c1d0000)]

Stack: [0x000000001c0d0000,0x000000001c1d0000]
[error occurred during error reporting (printing stack bounds), id 0xc0000005]

Native frames: (J=compiled Java code, j=interpreted, Vv=VM code, C=native code)


Current CompileTask:
C1:  19717  357   !   3       java.io.ObjectStreamClass::lookup (335 bytes)


---------------  P R O C E S S  ---------------

Java Threads: ( => current thread )
  0x000000001b856800 JavaThread "Thread-0" [_thread_in_native, id=19412, stack(0x000000001c3d0000,0x000000001c4d0000)]
  0x000000001b57d000 JavaThread "Service Thread" daemon [_thread_blocked, id=17564, stack(0x000000001c1d0000,0x000000001c2d0000)]
=>0x000000001b575800 JavaThread "C1 CompilerThread3" daemon [_thread_in_native, id=18512, stack(0x000000001c0d0000,0x000000001c1d0000)]
  0x000000001b572000 JavaThread "C2 CompilerThread2" daemon [_thread_blocked, id=15884, stack(0x000000001bfd0000,0x000000001c0d0000)]
  0x000000001b570000 JavaThread "C2 CompilerThread1" daemon [_thread_blocked, id=4612, stack(0x000000001bed0000,0x000000001bfd0000)]
  0x000000001b514000 JavaThread "C2 CompilerThread0" daemon [_thread_blocked, id=5720, stack(0x000000001bdd0000,0x000000001bed0000)]
  0x000000001b512000 JavaThread "Attach Listener" daemon [_thread_blocked, id=15892, stack(0x000000001bcd0000,0x000000001bdd0000)]
  0x000000001b511800 JavaThread "Signal Dispatcher" daemon [_thread_blocked, id=3712, stack(0x000000001bbd0000,0x000000001bcd0000)]
  0x00000000020b9000 JavaThread "Finalizer" daemon [_thread_blocked, id=15920, stack(0x000000001b8a0000,0x000000001b9a0000)]
  0x00000000020b6000 JavaThread "Reference Handler" daemon [_thread_blocked, id=17604, stack(0x000000001b3a0000,0x000000001b4a0000)]
  0x0000000001fc0800 JavaThread "main" [_thread_in_native, id=10040, stack(0x0000000001e70000,0x0000000001f70000)]

Other Threads:
  0x00000000195b9000 VMThread [stack: 0x000000001b2a0000,0x000000001b3a0000] [id=14784]
  0x000000001b637800 WatcherThread [stack: 0x000000001c2d0000,0x000000001c3d0000] [id=13796]

VM state:not at safepoint (normal execution)

VM Mutex/Monitor currently owned by a thread: None

Heap:
 PSYoungGen      total 56832K, used 4915K [0x0000000780d80000, 0x0000000784c80000, 0x00000007c0000000)
  eden space 49152K, 10% used [0x0000000780d80000,0x000000078124cd20,0x0000000783d80000)
  from space 7680K, 0% used [0x0000000784500000,0x0000000784500000,0x0000000784c80000)
  to   space 7680K, 0% used [0x0000000783d80000,0x0000000783d80000,0x0000000784500000)
 ParOldGen       total 130048K, used 0K [0x0000000702800000, 0x000000070a700000, 0x0000000780d80000)
  object space 130048K, 0% used [0x0000000702800000,0x0000000702800000,0x000000070a700000)
 Metaspace       used 5202K, capacity 5280K, committed 5504K, reserved 1056768K
  class space    used 578K, capacity 627K, committed 640K, reserved 1048576K

Card table byte_map: [0x0000000011530000,0x0000000011b20000] byte_map_base: 0x000000000dd1c000

Marking Bits: (ParMarkBitMap*) 0x00000000756c2f70
 Begin Bits: [0x0000000012720000, 0x0000000015680000)
 End Bits:   [0x0000000015680000, 0x00000000185e0000)

Polling page: 0x0000000000560000

CodeCache: size=245760Kb used=1808Kb max_used=1808Kb free=243951Kb
 bounds [0x0000000002170000, 0x00000000023e0000, 0x0000000011170000]
 total_blobs=637 nmethods=356 adapters=194
 compilation: enabled

Compilation events (10 events):
Event: 19.590 Thread 0x000000001b575800 nmethod 352 0x000000000232fd10 code [0x000000000232fe80, 0x0000000002330058]
Event: 19.590 Thread 0x000000001b575800  353       3       java.io.ObjectInputStream$BlockDataInputStream::readUnsignedShort (76 bytes)
Event: 19.591 Thread 0x000000001b575800 nmethod 353 0x0000000002332b10 code [0x0000000002332ca0, 0x0000000002333098]
Event: 19.591 Thread 0x000000001b575800  354       3       java.io.ObjectInputStream$HandleTable::assign (48 bytes)
Event: 19.591 Thread 0x000000001b575800 nmethod 354 0x0000000002333290 code [0x0000000002333420, 0x00000000023337a8]
Event: 19.700 Thread 0x000000001b575800  355       3       java.util.ArrayList$SubList::size (9 bytes)
Event: 19.700 Thread 0x000000001b575800 nmethod 355 0x0000000002333990 code [0x0000000002333b00, 0x0000000002333d88]
Event: 19.701 Thread 0x000000001b575800  356       3       java.util.ArrayList$SubList::iterator (5 bytes)
Event: 19.702 Thread 0x000000001b575800 nmethod 356 0x0000000002333ed0 code [0x00000000023340a0, 0x00000000023346b8]
Event: 19.702 Thread 0x000000001b575800  357   !   3       java.io.ObjectStreamClass::lookup (335 bytes)

GC Heap History (0 events):
No events

Deoptimization events (0 events):
No events

Internal exceptions (10 events):
Event: 19.069 Thread 0x000000001b856800 Exception <a 'java/lang/ArrayIndexOutOfBoundsException'> (0x00000007811cb188) thrown at [C:\re\workspace\8-2-build-windows-amd64-cygwin\jdk8u91\7017\hotspot\src\share\vm\runtime\sharedRuntime.cpp, line 605]
Event: 19.150 Thread 0x000000001b856800 Exception <a 'java/lang/ArrayIndexOutOfBoundsException'> (0x00000007811cb828) thrown at [C:\re\workspace\8-2-build-windows-amd64-cygwin\jdk8u91\7017\hotspot\src\share\vm\runtime\sharedRuntime.cpp, line 605]
Event: 19.217 Thread 0x000000001b856800 Exception <a 'java/lang/ArrayIndexOutOfBoundsException'> (0x00000007811cbec8) thrown at [C:\re\workspace\8-2-build-windows-amd64-cygwin\jdk8u91\7017\hotspot\src\share\vm\runtime\sharedRuntime.cpp, line 605]
Event: 19.282 Thread 0x000000001b856800 Exception <a 'java/lang/ArrayIndexOutOfBoundsException'> (0x00000007811cc568) thrown at [C:\re\workspace\8-2-build-windows-amd64-cygwin\jdk8u91\7017\hotspot\src\share\vm\runtime\sharedRuntime.cpp, line 605]
Event: 19.350 Thread 0x000000001b856800 Exception <a 'java/lang/ArrayIndexOutOfBoundsException'> (0x00000007811ccc08) thrown at [C:\re\workspace\8-2-build-windows-amd64-cygwin\jdk8u91\7017\hotspot\src\share\vm\runtime\sharedRuntime.cpp, line 605]
Event: 19.401 Thread 0x000000001b856800 Exception <a 'java/lang/ArrayIndexOutOfBoundsException'> (0x00000007811cd2a8) thrown at [C:\re\workspace\8-2-build-windows-amd64-cygwin\jdk8u91\7017\hotspot\src\share\vm\runtime\sharedRuntime.cpp, line 605]
Event: 19.455 Thread 0x000000001b856800 Exception <a 'java/lang/ArrayIndexOutOfBoundsException'> (0x00000007811cd948) thrown at [C:\re\workspace\8-2-build-windows-amd64-cygwin\jdk8u91\7017\hotspot\src\share\vm\runtime\sharedRuntime.cpp, line 605]
Event: 19.523 Thread 0x000000001b856800 Exception <a 'java/lang/ArrayIndexOutOfBoundsException'> (0x00000007811cdfe8) thrown at [C:\re\workspace\8-2-build-windows-amd64-cygwin\jdk8u91\7017\hotspot\src\share\vm\runtime\sharedRuntime.cpp, line 605]
Event: 19.644 Thread 0x000000001b856800 Exception <a 'java/lang/ArrayIndexOutOfBoundsException'> (0x00000007811ce688) thrown at [C:\re\workspace\8-2-build-windows-amd64-cygwin\jdk8u91\7017\hotspot\src\share\vm\runtime\sharedRuntime.cpp, line 605]
Event: 19.705 Thread 0x000000001b856800 Exception <a 'java/lang/ArrayIndexOutOfBoundsException'> (0x00000007811ced28) thrown at [C:\re\workspace\8-2-build-windows-amd64-cygwin\jdk8u91\7017\hotspot\src\share\vm\runtime\sharedRuntime.cpp, line 605]

Events (10 events):
Event: 1.183 loading class java/io/ObjectStreamClass$FieldReflectorKey
Event: 1.183 loading class java/io/ObjectStreamClass$FieldReflectorKey done
Event: 1.183 loading class java/io/ObjectStreamClass$FieldReflector
Event: 1.183 loading class java/io/ObjectStreamClass$FieldReflector done
Event: 1.187 loading class java/lang/ArrayIndexOutOfBoundsException
Event: 1.187 loading class java/lang/IndexOutOfBoundsException
Event: 1.187 loading class java/lang/IndexOutOfBoundsException done
Event: 1.188 loading class java/lang/ArrayIndexOutOfBoundsException done
Event: 4.536 Executing VM operation: EnableBiasedLocking
Event: 4.536 Executing VM operation: EnableBiasedLocking done


Dynamic libraries:
0x00007ff621ed0000 - 0x00007ff621f07000 	C:\Program Files\Java\jdk1.8.0_91\jre\bin\javaw.exe
0x00007fffb54f0000 - 0x00007fffb569d000 	C:\Windows\SYSTEM32\ntdll.dll
0x00007fffb45a0000 - 0x00007fffb46de000 	C:\Windows\system32\KERNEL32.DLL
0x00007fffb2710000 - 0x00007fffb2825000 	C:\Windows\system32\KERNELBASE.dll
0x00007fffb11c0000 - 0x00007fffb124e000 	C:\Windows\system32\apphelp.dll
0x00007fff9f310000 - 0x00007fff9f363000 	C:\Windows\AppPatch\AppPatch64\AcGenral.DLL
0x00007fffb46e0000 - 0x00007fffb478a000 	C:\Windows\system32\msvcrt.dll
0x00007fffb24e0000 - 0x00007fffb250e000 	C:\Windows\SYSTEM32\SspiCli.dll
0x00007fffb5270000 - 0x00007fffb52c4000 	C:\Windows\system32\SHLWAPI.dll
0x00007fffb4c70000 - 0x00007fffb4de7000 	C:\Windows\system32\USER32.dll
0x00007fffb43c0000 - 0x00007fffb4554000 	C:\Windows\system32\ole32.dll
0x00007fffb2bf0000 - 0x00007fffb411a000 	C:\Windows\system32\SHELL32.dll
0x00007fffb1c50000 - 0x00007fffb1c71000 	C:\Windows\SYSTEM32\USERENV.dll
0x00007fffb4860000 - 0x00007fffb490a000 	C:\Windows\system32\ADVAPI32.dll
0x00007fffa1e50000 - 0x00007fffa1e6e000 	C:\Windows\SYSTEM32\MPR.dll
0x00007fffb4970000 - 0x00007fffb4ab1000 	C:\Windows\system32\RPCRT4.dll
0x00007fffb4800000 - 0x00007fffb4859000 	C:\Windows\SYSTEM32\sechost.dll
0x00007fffb52d0000 - 0x00007fffb54e1000 	C:\Windows\SYSTEM32\combase.dll
0x00007fffb4fa0000 - 0x00007fffb50f0000 	C:\Windows\system32\GDI32.dll
0x00007fffb2640000 - 0x00007fffb2655000 	C:\Windows\SYSTEM32\profapi.dll
0x00007fffb10d0000 - 0x00007fffb1182000 	C:\Windows\SYSTEM32\SHCORE.dll
0x00007fffb4560000 - 0x00007fffb4596000 	C:\Windows\system32\IMM32.DLL
0x00007fffb5100000 - 0x00007fffb5252000 	C:\Windows\system32\MSCTF.dll
0x00007fffb0310000 - 0x00007fffb058b000 	C:\Windows\WinSxS\amd64_microsoft.windows.common-controls_6595b64144ccf1df_6.0.9600.18006_none_623f33d3ecbe86e8\COMCTL32.dll
0x0000000075750000 - 0x0000000075822000 	C:\Program Files\Java\jdk1.8.0_91\jre\bin\msvcr100.dll
0x0000000074eb0000 - 0x0000000075743000 	C:\Program Files\Java\jdk1.8.0_91\jre\bin\server\jvm.dll
0x00007fffa7d30000 - 0x00007fffa7d39000 	C:\Windows\SYSTEM32\WSOCK32.dll
0x00007fffb00f0000 - 0x00007fffb0112000 	C:\Windows\SYSTEM32\WINMM.dll
0x00007fffb0120000 - 0x00007fffb012a000 	C:\Windows\SYSTEM32\VERSION.dll
0x00007fffb5260000 - 0x00007fffb5267000 	C:\Windows\system32\PSAPI.DLL
0x00007fffb2b70000 - 0x00007fffb2bca000 	C:\Windows\system32\WS2_32.dll
0x00007fffaee50000 - 0x00007fffaee7a000 	C:\Windows\SYSTEM32\WINMMBASE.dll
0x00007fffb4eb0000 - 0x00007fffb4eb9000 	C:\Windows\system32\NSI.dll
0x00007fffb2830000 - 0x00007fffb287f000 	C:\Windows\SYSTEM32\cfgmgr32.dll
0x00007fffb1430000 - 0x00007fffb1458000 	C:\Windows\SYSTEM32\DEVOBJ.dll
0x0000000075880000 - 0x000000007588f000 	C:\Program Files\Java\jdk1.8.0_91\jre\bin\verify.dll
0x0000000075850000 - 0x0000000075879000 	C:\Program Files\Java\jdk1.8.0_91\jre\bin\java.dll
0x0000000074e90000 - 0x0000000074ea6000 	C:\Program Files\Java\jdk1.8.0_91\jre\bin\zip.dll
0x0000000074e70000 - 0x0000000074e8a000 	C:\Program Files\Java\jdk1.8.0_91\jre\bin\net.dll
0x00007fffb1ee0000 - 0x00007fffb1f39000 	C:\Windows\system32\mswsock.dll

VM Arguments:
jvm_args: -Dfile.encoding=MS874 
java_command: Client
java_class_path (initial): D:\JavaWorkspace\ocsf-lab\bin;D:\JavaWorkspace\ocsf\ocsf-2.31.jar
Launcher Type: SUN_STANDARD

Environment Variables:
PATH=C:/Program Files/Java/jre1.8.0_121/bin/server;C:/Program Files/Java/jre1.8.0_121/bin;C:/Program Files/Java/jre1.8.0_121/lib/amd64;C:\ProgramData\Oracle\Java\javapath;C:\Windows\system32;C:\Windows;C:\Windows\System32\Wbem;C:\Windows\System32\WindowsPowerShell\v1.0\;C:\Program Files\Intel\WiFi\bin\;C:\Program Files\Common Files\Intel\WirelessCommon\;C:\Program Files (x86)\Skype\Phone\;C:\Program Files (x86)\NVIDIA Corporation\PhysX\Common;C:\Program Files (x86)\Windows Live\Shared;C:\Program Files\Git\cmd;C:\Program Files\nodejs\;C:\Ruby23-x64\bin;C:\Program Files\Intel\WiFi\bin\;C:\Program Files\Common Files\Intel\WirelessCommon\;C:\Users\winza\AppData\Local\atom\bin;C:\Users\winza\AppData\Roaming\npm;D:\eclipse;
USERNAME=winza
OS=Windows_NT
PROCESSOR_IDENTIFIER=Intel64 Family 6 Model 94 Stepping 3, GenuineIntel



---------------  S Y S T E M  ---------------

OS: Windows 8.1 , 64 bit Build 9600 (6.3.9600.17415)

CPU:total 8 (4 cores per cpu, 2 threads per core) family 6 model 94 stepping 3, cmov, cx8, fxsr, mmx, sse, sse2, sse3, ssse3, sse4.1, sse4.2, popcnt, avx, avx2, aes, clmul, erms, rtm, 3dnowpref, lzcnt, ht, tsc, tscinvbit, bmi1, bmi2, adx

Memory: 4k page, physical 12417856k(8027552k free), swap 15563584k(5412k free)

vm_info: Java HotSpot(TM) 64-Bit Server VM (25.91-b15) for windows-amd64 JRE (1.8.0_91-b15), built on May 20 2016 17:43:15 by "java_re" with MS VC++ 10.0 (VS2010)

time: Fri May 05 18:30:46 2017
elapsed time: 19 seconds (0d 0h 0m 19s)

