#
# There is insufficient memory for the Java Runtime Environment to continue.
# Native memory allocation (malloc) failed to allocate 32744 bytes for ChunkPool::allocate
# Possible reasons:
#   The system is out of physical RAM or swap space
#   In 32 bit mode, the process size limit was hit
# Possible solutions:
#   Reduce memory load on the system
#   Increase physical memory or swap space
#   Check if swap backing store is full
#   Use 64 bit Java on a 64 bit OS
#   Decrease Java heap size (-Xmx/-Xms)
#   Decrease number of Java threads
#   Decrease Java thread stack sizes (-Xss)
#   Set larger code cache with -XX:ReservedCodeCacheSize=
# This output file may be truncated or incomplete.
#
#  Out of Memory Error (allocation.cpp:273), pid=892, tid=17908
#
# JRE version: Java(TM) SE Runtime Environment (8.0_91-b15) (build 1.8.0_91-b15)
# Java VM: Java HotSpot(TM) 64-Bit Server VM (25.91-b15 mixed mode windows-amd64 compressed oops)
# Failed to write core dump. Minidumps are not enabled by default on client versions of Windows
#

---------------  T H R E A D  ---------------

Current thread (0x00000000021e0800):  JavaThread "main" [_thread_in_vm, id=17908, stack(0x00000000020d0000,0x00000000021d0000)]

Stack: [0x00000000020d0000,0x00000000021d0000]
[error occurred during error reporting (printing stack bounds), id 0xc0000005]

Native frames: (J=compiled Java code, j=interpreted, Vv=VM code, C=native code)

Java frames: (J=compiled Java code, j=interpreted, Vv=VM code)
j  java.lang.ClassLoader.findLoadedClass0(Ljava/lang/String;)Ljava/lang/Class;+0
j  java.lang.ClassLoader.findLoadedClass(Ljava/lang/String;)Ljava/lang/Class;+12
j  java.lang.ClassLoader.loadClass(Ljava/lang/String;Z)Ljava/lang/Class;+10
j  sun.misc.Launcher$AppClassLoader.loadClass(Ljava/lang/String;Z)Ljava/lang/Class;+81
j  java.lang.ClassLoader.loadClass(Ljava/lang/String;)Ljava/lang/Class;+3
j  sun.invoke.util.BytecodeDescriptor.parseSig(Ljava/lang/String;[IILjava/lang/ClassLoader;)Ljava/lang/Class;+79
j  sun.invoke.util.BytecodeDescriptor.parseMethod(Ljava/lang/String;IILjava/lang/ClassLoader;)Ljava/util/List;+87
j  sun.invoke.util.BytecodeDescriptor.parseMethod(Ljava/lang/String;Ljava/lang/ClassLoader;)Ljava/util/List;+7
j  java.lang.invoke.MethodType.fromMethodDescriptorString(Ljava/lang/String;Ljava/lang/ClassLoader;)Ljava/lang/invoke/MethodType;+52
j  java.lang.invoke.MemberName.getMethodType()Ljava/lang/invoke/MethodType;+77
j  java.lang.invoke.LambdaForm$NamedFunction.initializeInvokers()V+55
j  java.lang.invoke.LambdaForm.<clinit>()V+179
v  ~StubRoutines::call_stub
j  java.lang.invoke.DirectMethodHandle.makePreparedLambdaForm(Ljava/lang/invoke/MethodType;I)Ljava/lang/invoke/LambdaForm;+288
j  java.lang.invoke.DirectMethodHandle.preparedLambdaForm(Ljava/lang/invoke/MethodType;I)Ljava/lang/invoke/LambdaForm;+17
j  java.lang.invoke.DirectMethodHandle.preparedLambdaForm(Ljava/lang/invoke/MemberName;)Ljava/lang/invoke/LambdaForm;+163
j  java.lang.invoke.DirectMethodHandle.make(BLjava/lang/Class;Ljava/lang/invoke/MemberName;)Ljava/lang/invoke/DirectMethodHandle;+94
j  java.lang.invoke.MethodHandles$Lookup.getDirectMethodCommon(BLjava/lang/Class;Ljava/lang/invoke/MemberName;ZZLjava/lang/Class;)Ljava/lang/invoke/MethodHandle;+201
j  java.lang.invoke.MethodHandles$Lookup.getDirectMethodNoSecurityManager(BLjava/lang/Class;Ljava/lang/invoke/MemberName;Ljava/lang/Class;)Ljava/lang/invoke/MethodHandle;+8
j  java.lang.invoke.MethodHandles$Lookup.getDirectMethodForConstant(BLjava/lang/Class;Ljava/lang/invoke/MemberName;)Ljava/lang/invoke/MethodHandle;+30
j  java.lang.invoke.MethodHandles$Lookup.linkMethodHandleConstant(BLjava/lang/Class;Ljava/lang/String;Ljava/lang/Object;)Ljava/lang/invoke/MethodHandle;+115
j  java.lang.invoke.MethodHandleNatives.linkMethodHandleConstant(Ljava/lang/Class;ILjava/lang/Class;Ljava/lang/String;Ljava/lang/Object;)Ljava/lang/invoke/MethodHandle;+38
v  ~StubRoutines::call_stub
j  java.io.ObjectInputStream.<clinit>()V+140
v  ~StubRoutines::call_stub
j  com.lloseng.ocsf.client.AbstractClient.openConnection()V+46
j  Client.main([Ljava/lang/String;)V+29
v  ~StubRoutines::call_stub

---------------  P R O C E S S  ---------------

Java Threads: ( => current thread )
  0x000000001b73f000 JavaThread "Service Thread" daemon [_thread_blocked, id=2928, stack(0x000000001c370000,0x000000001c470000)]
  0x000000001b6ab000 JavaThread "C1 CompilerThread3" daemon [_thread_in_native, id=1504, stack(0x000000001c270000,0x000000001c370000)]
  0x000000001b6aa800 JavaThread "C2 CompilerThread2" daemon [_thread_in_native, id=14580, stack(0x000000001c170000,0x000000001c270000)]
  0x000000001b6a5000 JavaThread "C2 CompilerThread1" daemon [_thread_in_native, id=18228, stack(0x000000001c070000,0x000000001c170000)]
  0x000000001b699800 JavaThread "C2 CompilerThread0" daemon [_thread_blocked, id=12700, stack(0x000000001bf70000,0x000000001c070000)]
  0x000000001b697000 JavaThread "Attach Listener" daemon [_thread_blocked, id=18840, stack(0x000000001be70000,0x000000001bf70000)]
  0x000000001b696800 JavaThread "Signal Dispatcher" daemon [_thread_blocked, id=16396, stack(0x000000001bd70000,0x000000001be70000)]
  0x00000000022dd800 JavaThread "Finalizer" daemon [_thread_blocked, id=8804, stack(0x000000001ba20000,0x000000001bb20000)]
  0x000000001972d800 JavaThread "Reference Handler" daemon [_thread_blocked, id=10872, stack(0x000000001b520000,0x000000001b620000)]
=>0x00000000021e0800 JavaThread "main" [_thread_in_vm, id=17908, stack(0x00000000020d0000,0x00000000021d0000)]

Other Threads:
  0x0000000019728800 VMThread [stack: 0x000000001b420000,0x000000001b520000] [id=8844]
  0x000000001b7c2800 WatcherThread [stack: 0x000000001c470000,0x000000001c570000] [id=1768]

VM state:not at safepoint (normal execution)

VM Mutex/Monitor currently owned by a thread: None

Heap:
 PSYoungGen      total 56832K, used 2949K [0x0000000780d80000, 0x0000000784c80000, 0x00000007c0000000)
  eden space 49152K, 6% used [0x0000000780d80000,0x00000007810614b8,0x0000000783d80000)
  from space 7680K, 0% used [0x0000000784500000,0x0000000784500000,0x0000000784c80000)
  to   space 7680K, 0% used [0x0000000783d80000,0x0000000783d80000,0x0000000784500000)
 ParOldGen       total 130048K, used 0K [0x0000000702800000, 0x000000070a700000, 0x0000000780d80000)
  object space 130048K, 0% used [0x0000000702800000,0x0000000702800000,0x000000070a700000)
 Metaspace       used 4484K, capacity 4632K, committed 4864K, reserved 1056768K
  class space    used 494K, capacity 507K, committed 512K, reserved 1048576K

Card table byte_map: [0x00000000116a0000,0x0000000011c90000] byte_map_base: 0x000000000de8c000

Marking Bits: (ParMarkBitMap*) 0x00000000756c2f70
 Begin Bits: [0x0000000012890000, 0x00000000157f0000)
 End Bits:   [0x00000000157f0000, 0x0000000018750000)

Polling page: 0x0000000002030000

CodeCache: size=245760Kb used=1261Kb max_used=1261Kb free=244498Kb
 bounds [0x00000000022e0000, 0x0000000002550000, 0x00000000112e0000]
 total_blobs=380 nmethods=103 adapters=188
 compilation: enabled

Compilation events (10 events):
Event: 0.420 Thread 0x000000001b6ab000 nmethod 96 0x0000000002414190 code [0x00000000024142e0, 0x00000000024143d0]
Event: 0.420 Thread 0x000000001b6ab000   97       1       java.util.AbstractList$ListItr::nextIndex (5 bytes)
Event: 0.421 Thread 0x000000001b6ab000 nmethod 97 0x0000000002414450 code [0x00000000024145a0, 0x00000000024146b0]
Event: 0.421 Thread 0x000000001b6ab000   99       3       java.lang.invoke.MemberName::testAnyFlags (15 bytes)
Event: 0.421 Thread 0x000000001b6ab000 nmethod 99 0x0000000002414710 code [0x0000000002414880, 0x0000000002414af0]
Event: 0.421 Thread 0x000000001b6ab000   98       1       java.util.SubList::access$200 (5 bytes)
Event: 0.421 Thread 0x000000001b6ab000 nmethod 98 0x0000000002414b90 code [0x0000000002414ce0, 0x0000000002414dd0]
Event: 0.422 Thread 0x000000001b6ab000  100   !   3       java.util.concurrent.ConcurrentHashMap::putVal (362 bytes)
Event: 0.424 Thread 0x000000001b6a5000  104       4       java.lang.String::indexOf (70 bytes)
Event: 0.426 Thread 0x000000001b6aa800  105       4       java.lang.String::hashCode (55 bytes)

GC Heap History (0 events):
No events

Deoptimization events (0 events):
No events

Internal exceptions (6 events):
Event: 0.081 Thread 0x00000000021e0800 Exception <a 'java/lang/NoSuchMethodError': Method sun.misc.Unsafe.defineClass(Ljava/lang/String;[BII)Ljava/lang/Class; name or signature does not match> (0x0000000780d87cc0) thrown at [C:\re\workspace\8-2-build-windows-amd64-cygwin\jdk8u91\7017\hotspot\sr¢{I0×Õ´?
Event: 0.081 Thread 0x00000000021e0800 Exception <a 'java/lang/NoSuchMethodError': Method sun.misc.Unsafe.prefetchRead(Ljava/lang/Object;J)V name or signature does not match> (0x0000000780d87fa8) thrown at [C:\re\workspace\8-2-build-windows-amd64-cygwin\jdk8u91\7017\hotspot\src\share\vm\prims\jòúÆ|þÓ?
Event: 0.312 Thread 0x00000000021e0800 Exception <a 'java/security/PrivilegedActionException'> (0x0000000780e32ef0) thrown at [C:\re\workspace\8-2-build-windows-amd64-cygwin\jdk8u91\7017\hotspot\src\share\vm\prims\jvm.cpp, line 1386]
Event: 0.312 Thread 0x00000000021e0800 Exception <a 'java/security/PrivilegedActionException'> (0x0000000780e332e8) thrown at [C:\re\workspace\8-2-build-windows-amd64-cygwin\jdk8u91\7017\hotspot\src\share\vm\prims\jvm.cpp, line 1386]
Event: 0.315 Thread 0x00000000021e0800 Exception <a 'java/security/PrivilegedActionException'> (0x0000000780e37318) thrown at [C:\re\workspace\8-2-build-windows-amd64-cygwin\jdk8u91\7017\hotspot\src\share\vm\prims\jvm.cpp, line 1386]
Event: 0.315 Thread 0x00000000021e0800 Exception <a 'java/security/PrivilegedActionException'> (0x0000000780e37710) thrown at [C:\re\workspace\8-2-build-windows-amd64-cygwin\jdk8u91\7017\hotspot\src\share\vm\prims\jvm.cpp, line 1386]

Events (10 events):
Event: 0.417 loading class java/util/RandomAccessSubList
Event: 0.418 loading class java/util/SubList
Event: 0.418 loading class java/util/SubList done
Event: 0.418 loading class java/util/RandomAccessSubList done
Event: 0.418 loading class java/util/SubList$1
Event: 0.418 loading class java/util/ListIterator
Event: 0.418 loading class java/util/ListIterator done
Event: 0.419 loading class java/util/SubList$1 done
Event: 0.419 loading class java/util/AbstractList$ListItr
Event: 0.420 loading class java/util/AbstractList$ListItr done


Dynamic libraries:
0x00007ff621ed0000 - 0x00007ff621f07000 	C:\Program Files\Java\jdk1.8.0_91\jre\bin\javaw.exe
0x00007fffb54f0000 - 0x00007fffb569d000 	C:\Windows\SYSTEM32\ntdll.dll
0x00007fffb45a0000 - 0x00007fffb46de000 	C:\Windows\system32\KERNEL32.DLL
0x00007fffb2710000 - 0x00007fffb2825000 	C:\Windows\system32\KERNELBASE.dll
0x00007fffb11c0000 - 0x00007fffb124e000 	C:\Windows\system32\apphelp.dll
0x00007fff9f310000 - 0x00007fff9f363000 	C:\Windows\AppPatch\AppPatch64\AcGenral.DLL
0x00007fffb46e0000 - 0x00007fffb478a000 	C:\Windows\system32\msvcrt.dll
0x00007fffb24e0000 - 0x00007fffb250e000 	C:\Windows\SYSTEM32\SspiCli.dll
0x00007fffb5270000 - 0x00007fffb52c4000 	C:\Windows\system32\SHLWAPI.dll
0x00007fffb4c70000 - 0x00007fffb4de7000 	C:\Windows\system32\USER32.dll
0x00007fffb43c0000 - 0x00007fffb4554000 	C:\Windows\system32\ole32.dll
0x00007fffb2bf0000 - 0x00007fffb411a000 	C:\Windows\system32\SHELL32.dll
0x00007fffb1c50000 - 0x00007fffb1c71000 	C:\Windows\SYSTEM32\USERENV.dll
0x00007fffb4860000 - 0x00007fffb490a000 	C:\Windows\system32\ADVAPI32.dll
0x00007fffa1e50000 - 0x00007fffa1e6e000 	C:\Windows\SYSTEM32\MPR.dll
0x00007fffb4970000 - 0x00007fffb4ab1000 	C:\Windows\system32\RPCRT4.dll
0x00007fffb4800000 - 0x00007fffb4859000 	C:\Windows\SYSTEM32\sechost.dll
0x00007fffb52d0000 - 0x00007fffb54e1000 	C:\Windows\SYSTEM32\combase.dll
0x00007fffb4fa0000 - 0x00007fffb50f0000 	C:\Windows\system32\GDI32.dll
0x00007fffb2640000 - 0x00007fffb2655000 	C:\Windows\SYSTEM32\profapi.dll
0x00007fffb10d0000 - 0x00007fffb1182000 	C:\Windows\SYSTEM32\SHCORE.dll
0x00007fffb4560000 - 0x00007fffb4596000 	C:\Windows\system32\IMM32.DLL
0x00007fffb5100000 - 0x00007fffb5252000 	C:\Windows\system32\MSCTF.dll
0x00007fffb0310000 - 0x00007fffb058b000 	C:\Windows\WinSxS\amd64_microsoft.windows.common-controls_6595b64144ccf1df_6.0.9600.18006_none_623f33d3ecbe86e8\COMCTL32.dll
0x0000000075750000 - 0x0000000075822000 	C:\Program Files\Java\jdk1.8.0_91\jre\bin\msvcr100.dll
0x0000000074eb0000 - 0x0000000075743000 	C:\Program Files\Java\jdk1.8.0_91\jre\bin\server\jvm.dll
0x00007fffa7d30000 - 0x00007fffa7d39000 	C:\Windows\SYSTEM32\WSOCK32.dll
0x00007fffb00f0000 - 0x00007fffb0112000 	C:\Windows\SYSTEM32\WINMM.dll
0x00007fffb0120000 - 0x00007fffb012a000 	C:\Windows\SYSTEM32\VERSION.dll
0x00007fffb5260000 - 0x00007fffb5267000 	C:\Windows\system32\PSAPI.DLL
0x00007fffb2b70000 - 0x00007fffb2bca000 	C:\Windows\system32\WS2_32.dll
0x00007fffaee50000 - 0x00007fffaee7a000 	C:\Windows\SYSTEM32\WINMMBASE.dll
0x00007fffb4eb0000 - 0x00007fffb4eb9000 	C:\Windows\system32\NSI.dll
0x00007fffb2830000 - 0x00007fffb287f000 	C:\Windows\SYSTEM32\cfgmgr32.dll
0x00007fffb1430000 - 0x00007fffb1458000 	C:\Windows\SYSTEM32\DEVOBJ.dll
0x0000000075880000 - 0x000000007588f000 	C:\Program Files\Java\jdk1.8.0_91\jre\bin\verify.dll
0x0000000075850000 - 0x0000000075879000 	C:\Program Files\Java\jdk1.8.0_91\jre\bin\java.dll
0x0000000074e90000 - 0x0000000074ea6000 	C:\Program Files\Java\jdk1.8.0_91\jre\bin\zip.dll
0x0000000074e70000 - 0x0000000074e8a000 	C:\Program Files\Java\jdk1.8.0_91\jre\bin\net.dll
0x00007fffb1ee0000 - 0x00007fffb1f39000 	C:\Windows\system32\mswsock.dll

VM Arguments:
jvm_args: -Dfile.encoding=MS874 
java_command: Client
java_class_path (initial): D:\JavaWorkspace\ocsf-lab\bin;D:\JavaWorkspace\ocsf\ocsf-2.31.jar
Launcher Type: SUN_STANDARD

Environment Variables:
PATH=C:/Program Files/Java/jre1.8.0_121/bin/server;C:/Program Files/Java/jre1.8.0_121/bin;C:/Program Files/Java/jre1.8.0_121/lib/amd64;C:\ProgramData\Oracle\Java\javapath;C:\Windows\system32;C:\Windows;C:\Windows\System32\Wbem;C:\Windows\System32\WindowsPowerShell\v1.0\;C:\Program Files\Intel\WiFi\bin\;C:\Program Files\Common Files\Intel\WirelessCommon\;C:\Program Files (x86)\Skype\Phone\;C:\Program Files (x86)\NVIDIA Corporation\PhysX\Common;C:\Program Files (x86)\Windows Live\Shared;C:\Program Files\Git\cmd;C:\Program Files\nodejs\;C:\Ruby23-x64\bin;C:\Program Files\Intel\WiFi\bin\;C:\Program Files\Common Files\Intel\WirelessCommon\;C:\Users\winza\AppData\Local\atom\bin;C:\Users\winza\AppData\Roaming\npm;D:\eclipse;
USERNAME=winza
OS=Windows_NT
PROCESSOR_IDENTIFIER=Intel64 Family 6 Model 94 Stepping 3, GenuineIntel



---------------  S Y S T E M  ---------------

OS: Windows 8.1 , 64 bit Build 9600 (6.3.9600.17415)

CPU:total 8 (4 cores per cpu, 2 threads per core) family 6 model 94 stepping 3, cmov, cx8, fxsr, mmx, sse, sse2, sse3, ssse3, sse4.1, sse4.2, popcnt, avx, avx2, aes, clmul, erms, rtm, 3dnowpref, lzcnt, ht, tsc, tscinvbit, bmi1, bmi2, adx

Memory: 4k page, physical 12417856k(8033700k free), swap 15563584k(4460k free)

vm_info: Java HotSpot(TM) 64-Bit Server VM (25.91-b15) for windows-amd64 JRE (1.8.0_91-b15), built on May 20 2016 17:43:15 by "java_re" with MS VC++ 10.0 (VS2010)

time: Fri May 05 18:30:46 2017
elapsed time: 0 seconds (0d 0h 0m 0s)

