#
# There is insufficient memory for the Java Runtime Environment to continue.
# Native memory allocation (malloc) failed to allocate 32744 bytes for ChunkPool::allocate
# Possible reasons:
#   The system is out of physical RAM or swap space
#   In 32 bit mode, the process size limit was hit
# Possible solutions:
#   Reduce memory load on the system
#   Increase physical memory or swap space
#   Check if swap backing store is full
#   Use 64 bit Java on a 64 bit OS
#   Decrease Java heap size (-Xmx/-Xms)
#   Decrease number of Java threads
#   Decrease Java thread stack sizes (-Xss)
#   Set larger code cache with -XX:ReservedCodeCacheSize=
# This output file may be truncated or incomplete.
#
#  Out of Memory Error (allocation.cpp:273), pid=11212, tid=19328
#
# JRE version: Java(TM) SE Runtime Environment (8.0_91-b15) (build 1.8.0_91-b15)
# Java VM: Java HotSpot(TM) 64-Bit Server VM (25.91-b15 mixed mode windows-amd64 compressed oops)
# Failed to write core dump. Minidumps are not enabled by default on client versions of Windows
#

---------------  T H R E A D  ---------------

Current thread (0x000000001b87f800):  JavaThread "C1 CompilerThread3" daemon [_thread_in_native, id=19328, stack(0x000000001c400000,0x000000001c500000)]

Stack: [0x000000001c400000,0x000000001c500000]
[error occurred during error reporting (printing stack bounds), id 0xc0000005]

Native frames: (J=compiled Java code, j=interpreted, Vv=VM code, C=native code)


Current CompileTask:
C1:  19825  361   !   3       java.io.ObjectOutputStream::writeObject0 (619 bytes)


---------------  P R O C E S S  ---------------

Java Threads: ( => current thread )
  0x000000001bb52000 JavaThread "Thread-0" [_thread_in_native, id=7792, stack(0x000000001c700000,0x000000001c800000)]
  0x000000001b897000 JavaThread "Service Thread" daemon [_thread_blocked, id=18644, stack(0x000000001c500000,0x000000001c600000)]
=>0x000000001b87f800 JavaThread "C1 CompilerThread3" daemon [_thread_in_native, id=19328, stack(0x000000001c400000,0x000000001c500000)]
  0x00000000198bd800 JavaThread "C2 CompilerThread2" daemon [_thread_blocked, id=3576, stack(0x000000001c300000,0x000000001c400000)]
  0x00000000198b9000 JavaThread "C2 CompilerThread1" daemon [_thread_blocked, id=4644, stack(0x000000001c200000,0x000000001c300000)]
  0x000000001b81a000 JavaThread "C2 CompilerThread0" daemon [_thread_blocked, id=6708, stack(0x000000001c100000,0x000000001c200000)]
  0x000000001b817800 JavaThread "Attach Listener" daemon [_thread_blocked, id=14808, stack(0x000000001c000000,0x000000001c100000)]
  0x000000001b816800 JavaThread "Signal Dispatcher" daemon [_thread_blocked, id=17364, stack(0x000000001bf00000,0x000000001c000000)]
  0x000000001b7c0800 JavaThread "Finalizer" daemon [_thread_blocked, id=2992, stack(0x000000001bba0000,0x000000001bca0000)]
  0x0000000002454000 JavaThread "Reference Handler" daemon [_thread_blocked, id=1680, stack(0x000000001b6a0000,0x000000001b7a0000)]
  0x0000000002360800 JavaThread "main" [_thread_in_native, id=7288, stack(0x0000000002260000,0x0000000002360000)]

Other Threads:
  0x00000000198a9800 VMThread [stack: 0x000000001b5a0000,0x000000001b6a0000] [id=18712]
  0x000000001b89c000 WatcherThread [stack: 0x000000001c600000,0x000000001c700000] [id=16632]

VM state:not at safepoint (normal execution)

VM Mutex/Monitor currently owned by a thread: None

Heap:
 PSYoungGen      total 56832K, used 4915K [0x0000000780d80000, 0x0000000784c80000, 0x00000007c0000000)
  eden space 49152K, 10% used [0x0000000780d80000,0x000000078124cd20,0x0000000783d80000)
  from space 7680K, 0% used [0x0000000784500000,0x0000000784500000,0x0000000784c80000)
  to   space 7680K, 0% used [0x0000000783d80000,0x0000000783d80000,0x0000000784500000)
 ParOldGen       total 130048K, used 0K [0x0000000702800000, 0x000000070a700000, 0x0000000780d80000)
  object space 130048K, 0% used [0x0000000702800000,0x0000000702800000,0x000000070a700000)
 Metaspace       used 5231K, capacity 5344K, committed 5504K, reserved 1056768K
  class space    used 578K, capacity 627K, committed 640K, reserved 1048576K

Card table byte_map: [0x0000000011820000,0x0000000011e10000] byte_map_base: 0x000000000e00c000

Marking Bits: (ParMarkBitMap*) 0x00000000756c2f70
 Begin Bits: [0x0000000012a10000, 0x0000000015970000)
 End Bits:   [0x0000000015970000, 0x00000000188d0000)

Polling page: 0x0000000002190000

CodeCache: size=245760Kb used=1830Kb max_used=1830Kb free=243929Kb
 bounds [0x0000000002460000, 0x00000000026d0000, 0x0000000011460000]
 total_blobs=641 nmethods=360 adapters=194
 compilation: enabled

Compilation events (10 events):
Event: 19.675 Thread 0x000000001b87f800 nmethod 357 0x00000000026277d0 code [0x00000000026279c0, 0x00000000026283c8]
Event: 19.675 Thread 0x000000001b87f800  356       3       java.io.ObjectInputStream$BlockDataInputStream::readUnsignedShort (76 bytes)
Event: 19.676 Thread 0x000000001b87f800 nmethod 356 0x0000000002628790 code [0x0000000002628920, 0x0000000002628d18]
Event: 19.735 Thread 0x000000001b87f800  358       3       java.util.ArrayList$SubList::size (9 bytes)
Event: 19.736 Thread 0x000000001b87f800 nmethod 358 0x0000000002628f10 code [0x0000000002629080, 0x0000000002629308]
Event: 19.736 Thread 0x000000001b87f800  359       3       java.util.ArrayList$SubList::iterator (5 bytes)
Event: 19.737 Thread 0x000000001b87f800 nmethod 359 0x0000000002629450 code [0x0000000002629620, 0x0000000002629c38]
Event: 19.737 Thread 0x000000001b87f800  360       3       java.net.SocketOutputStream::write (8 bytes)
Event: 19.737 Thread 0x000000001b87f800 nmethod 360 0x0000000002624590 code [0x0000000002624700, 0x0000000002624888]
Event: 19.811 Thread 0x000000001b87f800  361   !   3       java.io.ObjectOutputStream::writeObject0 (619 bytes)

GC Heap History (0 events):
No events

Deoptimization events (0 events):
No events

Internal exceptions (10 events):
Event: 19.234 Thread 0x000000001bb52000 Exception <a 'java/lang/ArrayIndexOutOfBoundsException'> (0x00000007811cb8b8) thrown at [C:\re\workspace\8-2-build-windows-amd64-cygwin\jdk8u91\7017\hotspot\src\share\vm\runtime\sharedRuntime.cpp, line 605]
Event: 19.297 Thread 0x000000001bb52000 Exception <a 'java/lang/ArrayIndexOutOfBoundsException'> (0x00000007811cbf58) thrown at [C:\re\workspace\8-2-build-windows-amd64-cygwin\jdk8u91\7017\hotspot\src\share\vm\runtime\sharedRuntime.cpp, line 605]
Event: 19.372 Thread 0x000000001bb52000 Exception <a 'java/lang/ArrayIndexOutOfBoundsException'> (0x00000007811cc5f8) thrown at [C:\re\workspace\8-2-build-windows-amd64-cygwin\jdk8u91\7017\hotspot\src\share\vm\runtime\sharedRuntime.cpp, line 605]
Event: 19.432 Thread 0x000000001bb52000 Exception <a 'java/lang/ArrayIndexOutOfBoundsException'> (0x00000007811ccc98) thrown at [C:\re\workspace\8-2-build-windows-amd64-cygwin\jdk8u91\7017\hotspot\src\share\vm\runtime\sharedRuntime.cpp, line 605]
Event: 19.489 Thread 0x000000001bb52000 Exception <a 'java/lang/ArrayIndexOutOfBoundsException'> (0x00000007811cd338) thrown at [C:\re\workspace\8-2-build-windows-amd64-cygwin\jdk8u91\7017\hotspot\src\share\vm\runtime\sharedRuntime.cpp, line 605]
Event: 19.555 Thread 0x000000001bb52000 Exception <a 'java/lang/ArrayIndexOutOfBoundsException'> (0x00000007811cd9d8) thrown at [C:\re\workspace\8-2-build-windows-amd64-cygwin\jdk8u91\7017\hotspot\src\share\vm\runtime\sharedRuntime.cpp, line 605]
Event: 19.620 Thread 0x000000001bb52000 Exception <a 'java/lang/ArrayIndexOutOfBoundsException'> (0x00000007811ce078) thrown at [C:\re\workspace\8-2-build-windows-amd64-cygwin\jdk8u91\7017\hotspot\src\share\vm\runtime\sharedRuntime.cpp, line 605]
Event: 19.677 Thread 0x000000001bb52000 Exception <a 'java/lang/ArrayIndexOutOfBoundsException'> (0x00000007811ce718) thrown at [C:\re\workspace\8-2-build-windows-amd64-cygwin\jdk8u91\7017\hotspot\src\share\vm\runtime\sharedRuntime.cpp, line 605]
Event: 19.742 Thread 0x000000001bb52000 Exception <a 'java/lang/ArrayIndexOutOfBoundsException'> (0x00000007811cedb8) thrown at [C:\re\workspace\8-2-build-windows-amd64-cygwin\jdk8u91\7017\hotspot\src\share\vm\runtime\sharedRuntime.cpp, line 605]
Event: 19.819 Thread 0x000000001bb52000 Exception <a 'java/lang/ArrayIndexOutOfBoundsException'> (0x00000007811cf458) thrown at [C:\re\workspace\8-2-build-windows-amd64-cygwin\jdk8u91\7017\hotspot\src\share\vm\runtime\sharedRuntime.cpp, line 605]

Events (10 events):
Event: 1.250 loading class java/io/ObjectStreamClass$FieldReflectorKey
Event: 1.250 loading class java/io/ObjectStreamClass$FieldReflectorKey done
Event: 1.250 loading class java/io/ObjectStreamClass$FieldReflector
Event: 1.250 loading class java/io/ObjectStreamClass$FieldReflector done
Event: 1.253 loading class java/lang/ArrayIndexOutOfBoundsException
Event: 1.253 loading class java/lang/IndexOutOfBoundsException
Event: 1.253 loading class java/lang/IndexOutOfBoundsException done
Event: 1.253 loading class java/lang/ArrayIndexOutOfBoundsException done
Event: 4.601 Executing VM operation: EnableBiasedLocking
Event: 4.602 Executing VM operation: EnableBiasedLocking done


Dynamic libraries:
0x00007ff621ed0000 - 0x00007ff621f07000 	C:\Program Files\Java\jdk1.8.0_91\jre\bin\javaw.exe
0x00007fffb54f0000 - 0x00007fffb569d000 	C:\Windows\SYSTEM32\ntdll.dll
0x00007fffb45a0000 - 0x00007fffb46de000 	C:\Windows\system32\KERNEL32.DLL
0x00007fffb2710000 - 0x00007fffb2825000 	C:\Windows\system32\KERNELBASE.dll
0x00007fffb11c0000 - 0x00007fffb124e000 	C:\Windows\system32\apphelp.dll
0x00007fff9f310000 - 0x00007fff9f363000 	C:\Windows\AppPatch\AppPatch64\AcGenral.DLL
0x00007fffb46e0000 - 0x00007fffb478a000 	C:\Windows\system32\msvcrt.dll
0x00007fffb24e0000 - 0x00007fffb250e000 	C:\Windows\SYSTEM32\SspiCli.dll
0x00007fffb5270000 - 0x00007fffb52c4000 	C:\Windows\system32\SHLWAPI.dll
0x00007fffb4c70000 - 0x00007fffb4de7000 	C:\Windows\system32\USER32.dll
0x00007fffb43c0000 - 0x00007fffb4554000 	C:\Windows\system32\ole32.dll
0x00007fffb2bf0000 - 0x00007fffb411a000 	C:\Windows\system32\SHELL32.dll
0x00007fffb1c50000 - 0x00007fffb1c71000 	C:\Windows\SYSTEM32\USERENV.dll
0x00007fffb4860000 - 0x00007fffb490a000 	C:\Windows\system32\ADVAPI32.dll
0x00007fffa1e50000 - 0x00007fffa1e6e000 	C:\Windows\SYSTEM32\MPR.dll
0x00007fffb4970000 - 0x00007fffb4ab1000 	C:\Windows\system32\RPCRT4.dll
0x00007fffb4800000 - 0x00007fffb4859000 	C:\Windows\SYSTEM32\sechost.dll
0x00007fffb52d0000 - 0x00007fffb54e1000 	C:\Windows\SYSTEM32\combase.dll
0x00007fffb4fa0000 - 0x00007fffb50f0000 	C:\Windows\system32\GDI32.dll
0x00007fffb2640000 - 0x00007fffb2655000 	C:\Windows\SYSTEM32\profapi.dll
0x00007fffb10d0000 - 0x00007fffb1182000 	C:\Windows\SYSTEM32\SHCORE.dll
0x00007fffb4560000 - 0x00007fffb4596000 	C:\Windows\system32\IMM32.DLL
0x00007fffb5100000 - 0x00007fffb5252000 	C:\Windows\system32\MSCTF.dll
0x00007fffb0310000 - 0x00007fffb058b000 	C:\Windows\WinSxS\amd64_microsoft.windows.common-controls_6595b64144ccf1df_6.0.9600.18006_none_623f33d3ecbe86e8\COMCTL32.dll
0x0000000075750000 - 0x0000000075822000 	C:\Program Files\Java\jdk1.8.0_91\jre\bin\msvcr100.dll
0x0000000074eb0000 - 0x0000000075743000 	C:\Program Files\Java\jdk1.8.0_91\jre\bin\server\jvm.dll
0x00007fffa7d30000 - 0x00007fffa7d39000 	C:\Windows\SYSTEM32\WSOCK32.dll
0x00007fffb00f0000 - 0x00007fffb0112000 	C:\Windows\SYSTEM32\WINMM.dll
0x00007fffb0120000 - 0x00007fffb012a000 	C:\Windows\SYSTEM32\VERSION.dll
0x00007fffb5260000 - 0x00007fffb5267000 	C:\Windows\system32\PSAPI.DLL
0x00007fffb2b70000 - 0x00007fffb2bca000 	C:\Windows\system32\WS2_32.dll
0x00007fffaee50000 - 0x00007fffaee7a000 	C:\Windows\SYSTEM32\WINMMBASE.dll
0x00007fffb4eb0000 - 0x00007fffb4eb9000 	C:\Windows\system32\NSI.dll
0x00007fffb2830000 - 0x00007fffb287f000 	C:\Windows\SYSTEM32\cfgmgr32.dll
0x00007fffb1430000 - 0x00007fffb1458000 	C:\Windows\SYSTEM32\DEVOBJ.dll
0x0000000075880000 - 0x000000007588f000 	C:\Program Files\Java\jdk1.8.0_91\jre\bin\verify.dll
0x0000000075850000 - 0x0000000075879000 	C:\Program Files\Java\jdk1.8.0_91\jre\bin\java.dll
0x0000000074e90000 - 0x0000000074ea6000 	C:\Program Files\Java\jdk1.8.0_91\jre\bin\zip.dll
0x0000000074e70000 - 0x0000000074e8a000 	C:\Program Files\Java\jdk1.8.0_91\jre\bin\net.dll
0x00007fffb1ee0000 - 0x00007fffb1f39000 	C:\Windows\system32\mswsock.dll

VM Arguments:
jvm_args: -Dfile.encoding=MS874 
java_command: Client
java_class_path (initial): D:\JavaWorkspace\ocsf-lab\bin;D:\JavaWorkspace\ocsf\ocsf-2.31.jar
Launcher Type: SUN_STANDARD

Environment Variables:
PATH=C:/Program Files/Java/jre1.8.0_121/bin/server;C:/Program Files/Java/jre1.8.0_121/bin;C:/Program Files/Java/jre1.8.0_121/lib/amd64;C:\ProgramData\Oracle\Java\javapath;C:\Windows\system32;C:\Windows;C:\Windows\System32\Wbem;C:\Windows\System32\WindowsPowerShell\v1.0\;C:\Program Files\Intel\WiFi\bin\;C:\Program Files\Common Files\Intel\WirelessCommon\;C:\Program Files (x86)\Skype\Phone\;C:\Program Files (x86)\NVIDIA Corporation\PhysX\Common;C:\Program Files (x86)\Windows Live\Shared;C:\Program Files\Git\cmd;C:\Program Files\nodejs\;C:\Ruby23-x64\bin;C:\Program Files\Intel\WiFi\bin\;C:\Program Files\Common Files\Intel\WirelessCommon\;C:\Users\winza\AppData\Local\atom\bin;C:\Users\winza\AppData\Roaming\npm;D:\eclipse;
USERNAME=winza
OS=Windows_NT
PROCESSOR_IDENTIFIER=Intel64 Family 6 Model 94 Stepping 3, GenuineIntel



---------------  S Y S T E M  ---------------

OS: Windows 8.1 , 64 bit Build 9600 (6.3.9600.17415)

CPU:total 8 (4 cores per cpu, 2 threads per core) family 6 model 94 stepping 3, cmov, cx8, fxsr, mmx, sse, sse2, sse3, ssse3, sse4.1, sse4.2, popcnt, avx, avx2, aes, clmul, erms, rtm, 3dnowpref, lzcnt, ht, tsc, tscinvbit, bmi1, bmi2, adx

Memory: 4k page, physical 12417856k(8036560k free), swap 15563584k(5444k free)

vm_info: Java HotSpot(TM) 64-Bit Server VM (25.91-b15) for windows-amd64 JRE (1.8.0_91-b15), built on May 20 2016 17:43:15 by "java_re" with MS VC++ 10.0 (VS2010)

time: Fri May 05 18:30:44 2017
elapsed time: 19 seconds (0d 0h 0m 19s)

